ARM GAS  C:\Users\vngel\AppData\Local\Temp\ccEi4PCs.s 			page 1


   1              		.cpu cortex-m7
   2              		.eabi_attribute 28, 1
   3              		.eabi_attribute 20, 1
   4              		.eabi_attribute 21, 1
   5              		.eabi_attribute 23, 3
   6              		.eabi_attribute 24, 1
   7              		.eabi_attribute 25, 1
   8              		.eabi_attribute 26, 1
   9              		.eabi_attribute 30, 2
  10              		.eabi_attribute 34, 1
  11              		.eabi_attribute 18, 4
  12              		.file	"MyNewProject.cpp"
  13              		.text
  14              	.Ltext0:
  15              		.cfi_sections	.debug_frame
  16              		.section	.text._ZN7daisysp9CrossFadeD2Ev,"axG",%progbits,_ZN7daisysp9CrossFadeD5Ev,comdat
  17              		.align	1
  18              		.p2align 2,,3
  19              		.weak	_ZN7daisysp9CrossFadeD2Ev
  20              		.arch armv7e-m
  21              		.syntax unified
  22              		.thumb
  23              		.thumb_func
  24              		.fpu fpv5-d16
  26              	_ZN7daisysp9CrossFadeD2Ev:
  27              	.LVL0:
  28              	.LFB2952:
  29              		.file 1 "../../DaisySP//Source/Dynamics/crossfade.h"
   1:../../DaisySP//Source/Dynamics/crossfade.h **** #pragma once
   2:../../DaisySP//Source/Dynamics/crossfade.h **** #ifndef DSY_CROSSFADE_H
   3:../../DaisySP//Source/Dynamics/crossfade.h **** #define DSY_CROSSFADE_H
   4:../../DaisySP//Source/Dynamics/crossfade.h **** #include <stdint.h>
   5:../../DaisySP//Source/Dynamics/crossfade.h **** #ifdef __cplusplus
   6:../../DaisySP//Source/Dynamics/crossfade.h **** 
   7:../../DaisySP//Source/Dynamics/crossfade.h **** namespace daisysp
   8:../../DaisySP//Source/Dynamics/crossfade.h **** {
   9:../../DaisySP//Source/Dynamics/crossfade.h **** /** Curve applied to the CrossFade
  10:../../DaisySP//Source/Dynamics/crossfade.h **** - LIN = linear
  11:../../DaisySP//Source/Dynamics/crossfade.h **** - CPOW = constant power
  12:../../DaisySP//Source/Dynamics/crossfade.h **** - LOG = logarithmic
  13:../../DaisySP//Source/Dynamics/crossfade.h **** - EXP  exponential
  14:../../DaisySP//Source/Dynamics/crossfade.h **** - LAST = end of enum (used for array indexing)
  15:../../DaisySP//Source/Dynamics/crossfade.h **** */
  16:../../DaisySP//Source/Dynamics/crossfade.h **** enum
  17:../../DaisySP//Source/Dynamics/crossfade.h **** {
  18:../../DaisySP//Source/Dynamics/crossfade.h ****     CROSSFADE_LIN,
  19:../../DaisySP//Source/Dynamics/crossfade.h ****     CROSSFADE_CPOW,
  20:../../DaisySP//Source/Dynamics/crossfade.h ****     CROSSFADE_LOG,
  21:../../DaisySP//Source/Dynamics/crossfade.h ****     CROSSFADE_EXP,
  22:../../DaisySP//Source/Dynamics/crossfade.h ****     CROSSFADE_LAST,
  23:../../DaisySP//Source/Dynamics/crossfade.h **** };
  24:../../DaisySP//Source/Dynamics/crossfade.h **** 
  25:../../DaisySP//Source/Dynamics/crossfade.h **** /** Performs a CrossFade between two signals
  26:../../DaisySP//Source/Dynamics/crossfade.h **** 
  27:../../DaisySP//Source/Dynamics/crossfade.h ****     Original author: Paul Batchelor
  28:../../DaisySP//Source/Dynamics/crossfade.h **** 
  29:../../DaisySP//Source/Dynamics/crossfade.h ****     Ported from Soundpipe by Andrew Ikenberry
ARM GAS  C:\Users\vngel\AppData\Local\Temp\ccEi4PCs.s 			page 2


  30:../../DaisySP//Source/Dynamics/crossfade.h **** 
  31:../../DaisySP//Source/Dynamics/crossfade.h ****     added curve option for constant power, etc.
  32:../../DaisySP//Source/Dynamics/crossfade.h **** */
  33:../../DaisySP//Source/Dynamics/crossfade.h **** class CrossFade
  34:../../DaisySP//Source/Dynamics/crossfade.h **** {
  35:../../DaisySP//Source/Dynamics/crossfade.h ****   public:
  36:../../DaisySP//Source/Dynamics/crossfade.h ****     CrossFade() {}
  37:../../DaisySP//Source/Dynamics/crossfade.h ****     ~CrossFade() {}
  30              		.loc 1 37 5 view -0
  31              		.cfi_startproc
  32              		@ args = 0, pretend = 0, frame = 0
  33              		@ frame_needed = 0, uses_anonymous_args = 0
  34              		@ link register save eliminated.
  35              		.loc 1 37 19 is_stmt 0 view .LVU1
  36 0000 7047     		bx	lr
  37              		.cfi_endproc
  38              	.LFE2952:
  40              		.weak	_ZN7daisysp9CrossFadeD1Ev
  41              		.thumb_set _ZN7daisysp9CrossFadeD1Ev,_ZN7daisysp9CrossFadeD2Ev
  42 0002 00BF     		.section	.text._ZN5daisy11TimerHandleD2Ev,"axG",%progbits,_ZN5daisy11TimerHandleD5Ev,comdat
  43              		.align	1
  44              		.p2align 2,,3
  45              		.weak	_ZN5daisy11TimerHandleD2Ev
  46              		.syntax unified
  47              		.thumb
  48              		.thumb_func
  49              		.fpu fpv5-d16
  51              	_ZN5daisy11TimerHandleD2Ev:
  52              	.LVL1:
  53              	.LFB3673:
  54              		.file 2 "../../libDaisy//src/per/tim.h"
   1:../../libDaisy//src/per/tim.h **** #pragma once
   2:../../libDaisy//src/per/tim.h **** #ifndef DSY_TIM_H
   3:../../libDaisy//src/per/tim.h **** #define DSY_TIM_H
   4:../../libDaisy//src/per/tim.h **** 
   5:../../libDaisy//src/per/tim.h **** #include <cstdint>
   6:../../libDaisy//src/per/tim.h **** 
   7:../../libDaisy//src/per/tim.h **** namespace daisy
   8:../../libDaisy//src/per/tim.h **** {
   9:../../libDaisy//src/per/tim.h **** /** @brief Hardare timer peripheral support.
  10:../../libDaisy//src/per/tim.h ****  ** 
  11:../../libDaisy//src/per/tim.h ****  ** Supports general-function TIM peripherals:
  12:../../libDaisy//src/per/tim.h ****  ** - TIM2, TIM3, TIM4, TIM5
  13:../../libDaisy//src/per/tim.h ****  **
  14:../../libDaisy//src/per/tim.h ****  ** DaisySeed, and many internal peripherals utilize TIM2 for timing/delay purposes.
  15:../../libDaisy//src/per/tim.h ****  ** It is configured to be at the maximum frequency: typically 200MHz or 240MHz (boost) 
  16:../../libDaisy//src/per/tim.h ****  ** for measuring/delaying for very short periods. 
  17:../../libDaisy//src/per/tim.h ****  **
  18:../../libDaisy//src/per/tim.h ****  ** The GetUs/GetMs functions are available for convenience (and backwards compatibility),
  19:../../libDaisy//src/per/tim.h ****  ** but to avoid wrapping errors on math when doing time-delta calculations, using ticks is 
  20:../../libDaisy//src/per/tim.h ****  ** recommended. The data can be converted to the final time-base after getting the difference in t
  21:../../libDaisy//src/per/tim.h ****  ** (Using GetFreq() can be used for these time-base calculations).
  22:../../libDaisy//src/per/tim.h ****  **
  23:../../libDaisy//src/per/tim.h ****  ** User callbacks can be set, and changed at any point during operation. However,
  24:../../libDaisy//src/per/tim.h ****  ** the Config::enable_irq must be set to true when initializing for the interrupts
  25:../../libDaisy//src/per/tim.h ****  ** to turn on and function.
  26:../../libDaisy//src/per/tim.h ****  **
ARM GAS  C:\Users\vngel\AppData\Local\Temp\ccEi4PCs.s 			page 3


  27:../../libDaisy//src/per/tim.h ****  ** @todo Fix issues with realtime getters, and wrapping of the timer(s).
  28:../../libDaisy//src/per/tim.h ****  **     - This very noticeable with default settings for the 16-bit counters.
  29:../../libDaisy//src/per/tim.h ****  ** @todo Other General purpose timers
  30:../../libDaisy//src/per/tim.h ****  ** @todo Non-internal clock sources
  31:../../libDaisy//src/per/tim.h ****  ** @todo Use of the four-tim channels per tim
  32:../../libDaisy//src/per/tim.h ****  **     - PWM, etc.
  33:../../libDaisy//src/per/tim.h ****  **     - InputCapture/OutputCompare, etc.
  34:../../libDaisy//src/per/tim.h ****  ** @todo HRTIM
  35:../../libDaisy//src/per/tim.h ****  ** @todo Advanced timers (TIM1/TIM8)
  36:../../libDaisy//src/per/tim.h ****  ** */
  37:../../libDaisy//src/per/tim.h **** class TimerHandle
  38:../../libDaisy//src/per/tim.h **** {
  39:../../libDaisy//src/per/tim.h ****   public:
  40:../../libDaisy//src/per/tim.h ****     /** @brief Configuration struct for the Peripheral
  41:../../libDaisy//src/per/tim.h ****      *  @note These settings are used during initialization
  42:../../libDaisy//src/per/tim.h ****      *   and changing them afterwards may not have the desired effect.
  43:../../libDaisy//src/per/tim.h ****      */
  44:../../libDaisy//src/per/tim.h ****     struct Config
  45:../../libDaisy//src/per/tim.h ****     {
  46:../../libDaisy//src/per/tim.h ****         /** @brief Hardware Timer to configure, and use. */
  47:../../libDaisy//src/per/tim.h ****         enum class Peripheral
  48:../../libDaisy//src/per/tim.h ****         {
  49:../../libDaisy//src/per/tim.h ****             TIM_2 = 0, /**< 32-bit counter */
  50:../../libDaisy//src/per/tim.h ****             TIM_3,     /**< 16-bit counter */
  51:../../libDaisy//src/per/tim.h ****             TIM_4,     /**< 16-bit counter */
  52:../../libDaisy//src/per/tim.h ****             TIM_5,     /**< 32-bit counter*/
  53:../../libDaisy//src/per/tim.h ****         };
  54:../../libDaisy//src/per/tim.h **** 
  55:../../libDaisy//src/per/tim.h ****         /** @brief Direction of the auto-reload counter. 
  56:../../libDaisy//src/per/tim.h ****          ** @todo Add support for the various  
  57:../../libDaisy//src/per/tim.h ****          ** versions of Up/Down counters.
  58:../../libDaisy//src/per/tim.h ****          ** */
  59:../../libDaisy//src/per/tim.h ****         enum class CounterDir
  60:../../libDaisy//src/per/tim.h ****         {
  61:../../libDaisy//src/per/tim.h ****             UP = 0,
  62:../../libDaisy//src/per/tim.h ****             DOWN,
  63:../../libDaisy//src/per/tim.h ****         };
  64:../../libDaisy//src/per/tim.h **** 
  65:../../libDaisy//src/per/tim.h ****         Peripheral periph; /**< Hardware Peripheral */
  66:../../libDaisy//src/per/tim.h ****         CounterDir dir;    /**< Counter direction */
  67:../../libDaisy//src/per/tim.h **** 
  68:../../libDaisy//src/per/tim.h ****         /** @brief period in ticks at TIM frequency that counter will reset based on dir
  69:../../libDaisy//src/per/tim.h ****          *  @note TIM3 and TIM4 are both 16-bit timers. So the period maximum is 0xffff.
  70:../../libDaisy//src/per/tim.h ****         */
  71:../../libDaisy//src/per/tim.h ****         uint32_t period;
  72:../../libDaisy//src/per/tim.h ****         bool     enable_irq; /**< Enable interrupt for user based callback */
  73:../../libDaisy//src/per/tim.h **** 
  74:../../libDaisy//src/per/tim.h ****         /* @brief Constructor for default states */
  75:../../libDaisy//src/per/tim.h ****         Config()
  76:../../libDaisy//src/per/tim.h ****         : periph(Peripheral::TIM_2),
  77:../../libDaisy//src/per/tim.h ****           dir(CounterDir::UP),
  78:../../libDaisy//src/per/tim.h ****           period(0xffffffff),
  79:../../libDaisy//src/per/tim.h ****           enable_irq(false)
  80:../../libDaisy//src/per/tim.h ****         {
  81:../../libDaisy//src/per/tim.h ****         }
  82:../../libDaisy//src/per/tim.h ****     };
  83:../../libDaisy//src/per/tim.h **** 
ARM GAS  C:\Users\vngel\AppData\Local\Temp\ccEi4PCs.s 			page 4


  84:../../libDaisy//src/per/tim.h ****     /** @brief Return values for TIM funcitons. */
  85:../../libDaisy//src/per/tim.h ****     enum class Result
  86:../../libDaisy//src/per/tim.h ****     {
  87:../../libDaisy//src/per/tim.h ****         OK,
  88:../../libDaisy//src/per/tim.h ****         ERR,
  89:../../libDaisy//src/per/tim.h ****     };
  90:../../libDaisy//src/per/tim.h **** 
  91:../../libDaisy//src/per/tim.h ****     /** @brief User Callback type that will fire at the end of each timer 
  92:../../libDaisy//src/per/tim.h ****      *   period. This requires that Config::enable_irq is true before Init
  93:../../libDaisy//src/per/tim.h ****      *  @param data pointer to arbitrary user-provided data
  94:../../libDaisy//src/per/tim.h ****     */
  95:../../libDaisy//src/per/tim.h ****     typedef void (*PeriodElapsedCallback)(void* data);
  96:../../libDaisy//src/per/tim.h **** 
  97:../../libDaisy//src/per/tim.h ****     TimerHandle() : pimpl_(nullptr) {}
  98:../../libDaisy//src/per/tim.h ****     TimerHandle(const TimerHandle& other) = default;
  99:../../libDaisy//src/per/tim.h ****     TimerHandle& operator=(const TimerHandle& other) = default;
 100:../../libDaisy//src/per/tim.h ****     ~TimerHandle() {}
  55              		.loc 2 100 5 is_stmt 1 view -0
  56              		.cfi_startproc
  57              		@ args = 0, pretend = 0, frame = 0
  58              		@ frame_needed = 0, uses_anonymous_args = 0
  59              		@ link register save eliminated.
  60              		.loc 2 100 21 is_stmt 0 view .LVU3
  61 0000 7047     		bx	lr
  62              		.cfi_endproc
  63              	.LFE3673:
  65              		.weak	_ZN5daisy11TimerHandleD1Ev
  66              		.thumb_set _ZN5daisy11TimerHandleD1Ev,_ZN5daisy11TimerHandleD2Ev
  67              		.section	.text._ZN5daisy6SwitchD2Ev,"axG",%progbits,_ZN5daisy6SwitchD5Ev,comdat
  68              		.align	1
  69              		.p2align 2,,3
  70              		.weak	_ZN5daisy6SwitchD2Ev
  71              		.syntax unified
  72              		.thumb
  73              		.thumb_func
  74              		.fpu fpv5-d16
  76              	_ZN5daisy6SwitchD2Ev:
  77              	.LVL2:
  78              	.LFB3866:
  79              		.file 3 "../../libDaisy//src/hid/switch.h"
   1:../../libDaisy//src/hid/switch.h **** #pragma once
   2:../../libDaisy//src/hid/switch.h **** #ifndef DSY_SWITCH_H
   3:../../libDaisy//src/hid/switch.h **** #define DSY_SWITCH_H
   4:../../libDaisy//src/hid/switch.h **** #include "daisy_core.h"
   5:../../libDaisy//src/hid/switch.h **** #include "per/gpio.h"
   6:../../libDaisy//src/hid/switch.h **** #include "sys/system.h"
   7:../../libDaisy//src/hid/switch.h **** 
   8:../../libDaisy//src/hid/switch.h **** namespace daisy
   9:../../libDaisy//src/hid/switch.h **** {
  10:../../libDaisy//src/hid/switch.h **** /** 
  11:../../libDaisy//src/hid/switch.h ****     Generic Class for handling momentary/latching switches \n 
  12:../../libDaisy//src/hid/switch.h ****     Inspired/influenced by Mutable Instruments (pichenettes) Switch classes
  13:../../libDaisy//src/hid/switch.h ****     @author Stephen Hensley
  14:../../libDaisy//src/hid/switch.h ****     @date December 2019
  15:../../libDaisy//src/hid/switch.h ****     @ingroup controls
  16:../../libDaisy//src/hid/switch.h **** */
  17:../../libDaisy//src/hid/switch.h **** class Switch
ARM GAS  C:\Users\vngel\AppData\Local\Temp\ccEi4PCs.s 			page 5


  18:../../libDaisy//src/hid/switch.h **** {
  19:../../libDaisy//src/hid/switch.h ****   public:
  20:../../libDaisy//src/hid/switch.h ****     /** Specifies the expected behavior of the switch */
  21:../../libDaisy//src/hid/switch.h ****     enum Type
  22:../../libDaisy//src/hid/switch.h ****     {
  23:../../libDaisy//src/hid/switch.h ****         TYPE_TOGGLE,    /**< & */
  24:../../libDaisy//src/hid/switch.h ****         TYPE_MOMENTARY, /**< & */
  25:../../libDaisy//src/hid/switch.h ****     };
  26:../../libDaisy//src/hid/switch.h ****     /** Specifies whether the pressed is HIGH or LOW. */
  27:../../libDaisy//src/hid/switch.h ****     enum Polarity
  28:../../libDaisy//src/hid/switch.h ****     {
  29:../../libDaisy//src/hid/switch.h ****         POLARITY_NORMAL,   /**< & */
  30:../../libDaisy//src/hid/switch.h ****         POLARITY_INVERTED, /**< & */
  31:../../libDaisy//src/hid/switch.h ****     };
  32:../../libDaisy//src/hid/switch.h **** 
  33:../../libDaisy//src/hid/switch.h ****     /** Specifies whether to use built-in Pull Up/Down resistors to hold button at a given state wh
  34:../../libDaisy//src/hid/switch.h ****     enum Pull
  35:../../libDaisy//src/hid/switch.h ****     {
  36:../../libDaisy//src/hid/switch.h ****         PULL_UP,   /**< & */
  37:../../libDaisy//src/hid/switch.h ****         PULL_DOWN, /**< & */
  38:../../libDaisy//src/hid/switch.h ****         PULL_NONE, /**< & */
  39:../../libDaisy//src/hid/switch.h ****     };
  40:../../libDaisy//src/hid/switch.h **** 
  41:../../libDaisy//src/hid/switch.h ****     Switch() {}
  42:../../libDaisy//src/hid/switch.h ****     ~Switch() {}
  80              		.loc 3 42 5 is_stmt 1 view -0
  81              		.cfi_startproc
  82              		@ args = 0, pretend = 0, frame = 0
  83              		@ frame_needed = 0, uses_anonymous_args = 0
  84              		@ link register save eliminated.
  85              		.loc 3 42 16 is_stmt 0 view .LVU5
  86 0000 7047     		bx	lr
  87              		.cfi_endproc
  88              	.LFE3866:
  90              		.weak	_ZN5daisy6SwitchD1Ev
  91              		.thumb_set _ZN5daisy6SwitchD1Ev,_ZN5daisy6SwitchD2Ev
  92              		.section	.text._ZN5daisy9ParameterD2Ev,"axG",%progbits,_ZN5daisy9ParameterD5Ev,comdat
  93              		.align	1
  94              		.p2align 2,,3
  95              		.weak	_ZN5daisy9ParameterD2Ev
  96              		.syntax unified
  97              		.thumb
  98              		.thumb_func
  99              		.fpu fpv5-d16
 101              	_ZN5daisy9ParameterD2Ev:
 102              	.LVL3:
 103              	.LFB3915:
 104              		.file 4 "../../libDaisy//src/hid/parameter.h"
   1:../../libDaisy//src/hid/parameter.h **** #pragma once
   2:../../libDaisy//src/hid/parameter.h **** #include <stdint.h>
   3:../../libDaisy//src/hid/parameter.h **** #include "hid/ctrl.h"
   4:../../libDaisy//src/hid/parameter.h **** 
   5:../../libDaisy//src/hid/parameter.h **** namespace daisy
   6:../../libDaisy//src/hid/parameter.h **** {
   7:../../libDaisy//src/hid/parameter.h **** /** @addtogroup controls
   8:../../libDaisy//src/hid/parameter.h ****     @{
   9:../../libDaisy//src/hid/parameter.h **** */
ARM GAS  C:\Users\vngel\AppData\Local\Temp\ccEi4PCs.s 			page 6


  10:../../libDaisy//src/hid/parameter.h **** 
  11:../../libDaisy//src/hid/parameter.h **** /**      Simple parameter mapping tool that takes a 0-1 input from an hid_ctrl. */
  12:../../libDaisy//src/hid/parameter.h **** class Parameter
  13:../../libDaisy//src/hid/parameter.h **** {
  14:../../libDaisy//src/hid/parameter.h ****   public:
  15:../../libDaisy//src/hid/parameter.h ****     /** Curves are applied to the output signal */
  16:../../libDaisy//src/hid/parameter.h ****     enum Curve
  17:../../libDaisy//src/hid/parameter.h ****     {
  18:../../libDaisy//src/hid/parameter.h ****         LINEAR,      /**< Linear curve */
  19:../../libDaisy//src/hid/parameter.h ****         EXPONENTIAL, /**< Exponential curve */
  20:../../libDaisy//src/hid/parameter.h ****         LOGARITHMIC, /**<  Logarithmic curve */
  21:../../libDaisy//src/hid/parameter.h ****         CUBE,        /**< Cubic curve */
  22:../../libDaisy//src/hid/parameter.h ****         LAST,        /**< Final enum element. */
  23:../../libDaisy//src/hid/parameter.h ****     };
  24:../../libDaisy//src/hid/parameter.h ****     /** Constructor */
  25:../../libDaisy//src/hid/parameter.h ****     Parameter() {}
  26:../../libDaisy//src/hid/parameter.h ****     /** Destructor */
  27:../../libDaisy//src/hid/parameter.h ****     ~Parameter() {}
 105              		.loc 4 27 5 is_stmt 1 view -0
 106              		.cfi_startproc
 107              		@ args = 0, pretend = 0, frame = 0
 108              		@ frame_needed = 0, uses_anonymous_args = 0
 109              		@ link register save eliminated.
 110              	.LBB134:
 111              	.LBI134:
 112              		.file 5 "../../libDaisy//src/hid/ctrl.h"
   1:../../libDaisy//src/hid/ctrl.h **** #pragma once
   2:../../libDaisy//src/hid/ctrl.h **** #ifndef DSY_KNOB_H
   3:../../libDaisy//src/hid/ctrl.h **** #define DSY_KNOB_H /**< & */
   4:../../libDaisy//src/hid/ctrl.h **** #include <stdint.h>
   5:../../libDaisy//src/hid/ctrl.h **** 
   6:../../libDaisy//src/hid/ctrl.h **** #ifdef __cplusplus
   7:../../libDaisy//src/hid/ctrl.h **** namespace daisy
   8:../../libDaisy//src/hid/ctrl.h **** {
   9:../../libDaisy//src/hid/ctrl.h **** /**
  10:../../libDaisy//src/hid/ctrl.h ****     @brief Hardware Interface for control inputs \n 
  11:../../libDaisy//src/hid/ctrl.h ****     Primarily designed for ADC input controls such as \n 
  12:../../libDaisy//src/hid/ctrl.h ****     potentiometers, and control voltage. \n 
  13:../../libDaisy//src/hid/ctrl.h ****     @author Stephen Hensley
  14:../../libDaisy//src/hid/ctrl.h ****     @date November 2019
  15:../../libDaisy//src/hid/ctrl.h ****     @ingroup controls
  16:../../libDaisy//src/hid/ctrl.h **** */
  17:../../libDaisy//src/hid/ctrl.h **** class AnalogControl
  18:../../libDaisy//src/hid/ctrl.h **** {
  19:../../libDaisy//src/hid/ctrl.h ****   public:
  20:../../libDaisy//src/hid/ctrl.h ****     /** Constructor */
  21:../../libDaisy//src/hid/ctrl.h ****     AnalogControl() {}
  22:../../libDaisy//src/hid/ctrl.h ****     /** destructor */
  23:../../libDaisy//src/hid/ctrl.h ****     ~AnalogControl() {}
 113              		.loc 5 23 5 view .LVU7
 114              		.loc 5 23 5 is_stmt 0 view .LVU8
 115              	.LBE134:
 116              		.loc 4 27 19 view .LVU9
 117 0000 7047     		bx	lr
 118              		.cfi_endproc
 119              	.LFE3915:
 121              		.weak	_ZN5daisy9ParameterD1Ev
ARM GAS  C:\Users\vngel\AppData\Local\Temp\ccEi4PCs.s 			page 7


 122              		.thumb_set _ZN5daisy9ParameterD1Ev,_ZN5daisy9ParameterD2Ev
 123 0002 00BF     		.section	.text._ZN5daisy9DaisySeedD2Ev,"axG",%progbits,_ZN5daisy9DaisySeedD5Ev,comdat
 124              		.align	1
 125              		.p2align 2,,3
 126              		.weak	_ZN5daisy9DaisySeedD2Ev
 127              		.syntax unified
 128              		.thumb
 129              		.thumb_func
 130              		.fpu fpv5-d16
 132              	_ZN5daisy9DaisySeedD2Ev:
 133              	.LVL4:
 134              	.LFB4783:
 135              		.file 6 "../../libDaisy//src/daisy_seed.h"
   1:../../libDaisy//src/daisy_seed.h **** #pragma once
   2:../../libDaisy//src/daisy_seed.h **** #ifndef DSY_SEED_H
   3:../../libDaisy//src/daisy_seed.h **** #define DSY_SEED_H
   4:../../libDaisy//src/daisy_seed.h **** 
   5:../../libDaisy//src/daisy_seed.h **** #include "daisy.h"
   6:../../libDaisy//src/daisy_seed.h **** 
   7:../../libDaisy//src/daisy_seed.h **** //Uncomment this out if you're still using the rev2 hardware
   8:../../libDaisy//src/daisy_seed.h **** //#define SEED_REV2
   9:../../libDaisy//src/daisy_seed.h **** 
  10:../../libDaisy//src/daisy_seed.h **** namespace daisy
  11:../../libDaisy//src/daisy_seed.h **** {
  12:../../libDaisy//src/daisy_seed.h **** /**
  13:../../libDaisy//src/daisy_seed.h ****    @brief This is the higher-level interface for the Daisy board. \n 
  14:../../libDaisy//src/daisy_seed.h ****     All basic peripheral configuration/initialization is setup here. \n
  15:../../libDaisy//src/daisy_seed.h **** 
  16:../../libDaisy//src/daisy_seed.h ****    @ingroup boards
  17:../../libDaisy//src/daisy_seed.h **** */
  18:../../libDaisy//src/daisy_seed.h **** class DaisySeed
  19:../../libDaisy//src/daisy_seed.h **** {
  20:../../libDaisy//src/daisy_seed.h ****   public:
  21:../../libDaisy//src/daisy_seed.h ****     DaisySeed() {}
  22:../../libDaisy//src/daisy_seed.h ****     ~DaisySeed() {}
 136              		.loc 6 22 5 is_stmt 1 view -0
 137              		.cfi_startproc
 138              		@ args = 0, pretend = 0, frame = 0
 139              		@ frame_needed = 0, uses_anonymous_args = 0
 140              		@ link register save eliminated.
 141              	.LBB135:
 142              	.LBI135:
 143              		.file 7 "../../libDaisy//src/sys/system.h"
   1:../../libDaisy//src/sys/system.h **** #ifndef DSY_SYSTEM_H
   2:../../libDaisy//src/sys/system.h **** #define DSY_SYSTEM_H
   3:../../libDaisy//src/sys/system.h **** 
   4:../../libDaisy//src/sys/system.h **** #ifndef UNIT_TEST // for unit tests, a dummy implementation is provided below
   5:../../libDaisy//src/sys/system.h **** 
   6:../../libDaisy//src/sys/system.h **** #include <cstdint>
   7:../../libDaisy//src/sys/system.h **** #include "per/tim.h"
   8:../../libDaisy//src/sys/system.h **** 
   9:../../libDaisy//src/sys/system.h **** namespace daisy
  10:../../libDaisy//src/sys/system.h **** {
  11:../../libDaisy//src/sys/system.h **** /** A handle for interacting with the Core System. 
  12:../../libDaisy//src/sys/system.h ****  ** This includes the Clock tree, MPU, global DMA initialization,
  13:../../libDaisy//src/sys/system.h ****  ** cache handling, and any other necessary global initiailzation
  14:../../libDaisy//src/sys/system.h ****  **
ARM GAS  C:\Users\vngel\AppData\Local\Temp\ccEi4PCs.s 			page 8


  15:../../libDaisy//src/sys/system.h ****  ** @author shensley
  16:../../libDaisy//src/sys/system.h ****  ** @ingroup system
  17:../../libDaisy//src/sys/system.h ****  */
  18:../../libDaisy//src/sys/system.h **** class System
  19:../../libDaisy//src/sys/system.h **** {
  20:../../libDaisy//src/sys/system.h ****   public:
  21:../../libDaisy//src/sys/system.h ****     /** Contains settings for initializing the System */
  22:../../libDaisy//src/sys/system.h ****     struct Config
  23:../../libDaisy//src/sys/system.h ****     {
  24:../../libDaisy//src/sys/system.h ****         /** Specifies the system clock frequency that feeds APB/AHB clocks, etc. */
  25:../../libDaisy//src/sys/system.h ****         enum class SysClkFreq
  26:../../libDaisy//src/sys/system.h ****         {
  27:../../libDaisy//src/sys/system.h ****             FREQ_400MHZ,
  28:../../libDaisy//src/sys/system.h ****             FREQ_480MHZ,
  29:../../libDaisy//src/sys/system.h ****         };
  30:../../libDaisy//src/sys/system.h **** 
  31:../../libDaisy//src/sys/system.h ****         /** Method to call on the struct to set to defaults
  32:../../libDaisy//src/sys/system.h ****          ** CPU Freq set to 400MHz
  33:../../libDaisy//src/sys/system.h ****          ** Cache Enabled 
  34:../../libDaisy//src/sys/system.h ****          ** */
  35:../../libDaisy//src/sys/system.h ****         void Defaults()
  36:../../libDaisy//src/sys/system.h ****         {
  37:../../libDaisy//src/sys/system.h ****             cpu_freq    = SysClkFreq::FREQ_400MHZ;
  38:../../libDaisy//src/sys/system.h ****             use_dcache  = true;
  39:../../libDaisy//src/sys/system.h ****             use_icache  = true;
  40:../../libDaisy//src/sys/system.h ****             skip_clocks = false;
  41:../../libDaisy//src/sys/system.h ****         }
  42:../../libDaisy//src/sys/system.h **** 
  43:../../libDaisy//src/sys/system.h ****         /** Method to call on the struct to set to boost mode:
  44:../../libDaisy//src/sys/system.h ****          ** CPU Freq set to 480MHz
  45:../../libDaisy//src/sys/system.h ****          ** Cache Enabled 
  46:../../libDaisy//src/sys/system.h ****          ** */
  47:../../libDaisy//src/sys/system.h ****         void Boost()
  48:../../libDaisy//src/sys/system.h ****         {
  49:../../libDaisy//src/sys/system.h ****             cpu_freq    = SysClkFreq::FREQ_480MHZ;
  50:../../libDaisy//src/sys/system.h ****             use_dcache  = true;
  51:../../libDaisy//src/sys/system.h ****             use_icache  = true;
  52:../../libDaisy//src/sys/system.h ****             skip_clocks = false;
  53:../../libDaisy//src/sys/system.h ****         }
  54:../../libDaisy//src/sys/system.h **** 
  55:../../libDaisy//src/sys/system.h ****         SysClkFreq cpu_freq;
  56:../../libDaisy//src/sys/system.h ****         bool       use_dcache;
  57:../../libDaisy//src/sys/system.h ****         bool       use_icache;
  58:../../libDaisy//src/sys/system.h ****         bool       skip_clocks;
  59:../../libDaisy//src/sys/system.h ****     };
  60:../../libDaisy//src/sys/system.h **** 
  61:../../libDaisy//src/sys/system.h ****     /** Describes the different regions of memory available to the Daisy
  62:../../libDaisy//src/sys/system.h ****      * 
  63:../../libDaisy//src/sys/system.h ****      */
  64:../../libDaisy//src/sys/system.h ****     enum MemoryRegion
  65:../../libDaisy//src/sys/system.h ****     {
  66:../../libDaisy//src/sys/system.h ****         INTERNAL_FLASH = 0,
  67:../../libDaisy//src/sys/system.h ****         ITCMRAM,
  68:../../libDaisy//src/sys/system.h ****         DTCMRAM,
  69:../../libDaisy//src/sys/system.h ****         SRAM_D1,
  70:../../libDaisy//src/sys/system.h ****         SRAM_D2,
  71:../../libDaisy//src/sys/system.h ****         SRAM_D3,
ARM GAS  C:\Users\vngel\AppData\Local\Temp\ccEi4PCs.